<?xml version="1.0" encoding="UTF-8"?>
<!-- Generated by org.testng.reporters.JUnitXMLReporter -->
<testsuite hostname="hp" ignored="0" name="Regression1" tests="5" failures="1" timestamp="12 Mar 2017 17:02:34 GMT" time="74.786" errors="0">
  <testcase name="abc" time="14.657" classname="webdriver.jenkins"/>
  <testcase name="chrome" time="7.656" classname="webdriver.jenkins">
    <failure type="java.lang.NullPointerException">
      <![CDATA[java.lang.NullPointerException
	at webdriver.jenkins.chrome(jenkins.java:42)
... Removed 25 stack frames]]>
    </failure>
  </testcase> <!-- chrome -->
  <testcase name="login" time="14.742" classname="webdriver.jenkins"/>
  <testcase name="doaminname" time="21.557" classname="webdriver.practice"/>
  <testcase name="generatealert" time="16.081" classname="webdriver.practice"/>
</testsuite> <!-- Regression1 -->
