<?xml version="1.0" encoding="UTF-8"?>
<!-- Generated by org.testng.reporters.JUnitXMLReporter -->
<testsuite hostname="hp" name="testngdemo" tests="3" failures="1" timestamp="28 Feb 2017 10:58:58 GMT" time="43.63" errors="0">
  <testcase name="login" time="9.562" classname="testngprogrames.orangehrm"/>
  <testcase name="logout" time="0.935" classname="testngprogrames.orangehrm">
    <failure type="org.openqa.selenium.ElementNotVisibleException" message="Element is not currently visible and so may not be interacted with
Command duration or timeout: 50 milliseconds
Build info: version: &amp;apos;2.48.2&amp;apos;, revision: &amp;apos;41bccdd&amp;apos;, time: &amp;apos;2015-10-09 19:59:12&amp;apos;
System info: host: &amp;apos;hp&amp;apos;, ip: &amp;apos;192.168.43.252&amp;apos;, os.name: &amp;apos;Windows 8.1&amp;apos;, os.arch: &amp;apos;amd64&amp;apos;, os.version: &amp;apos;6.3&amp;apos;, java.version: &amp;apos;1.8.0_101&amp;apos;
Driver info: org.openqa.selenium.firefox.FirefoxDriver
Capabilities [{applicationCacheEnabled=true, rotatable=false, handlesAlerts=true, databaseEnabled=true, version=40.0, platform=WINDOWS, nativeEvents=false, acceptSslCerts=true, webStorageEnabled=true, locationContextEnabled=true, browserName=firefox, takesScreenshot=true, javascriptEnabled=true, cssSelectorsEnabled=true}]
Session ID: 2a223d51-90f4-4240-a40c-1be463a3e56d">
      <![CDATA[org.openqa.selenium.ElementNotVisibleException: Element is not currently visible and so may not be interacted with
Command duration or timeout: 50 milliseconds
Build info: version: '2.48.2', revision: '41bccdd', time: '2015-10-09 19:59:12'
System info: host: 'hp', ip: '192.168.43.252', os.name: 'Windows 8.1', os.arch: 'amd64', os.version: '6.3', java.version: '1.8.0_101'
Driver info: org.openqa.selenium.firefox.FirefoxDriver
Capabilities [{applicationCacheEnabled=true, rotatable=false, handlesAlerts=true, databaseEnabled=true, version=40.0, platform=WINDOWS, nativeEvents=false, acceptSslCerts=true, webStorageEnabled=true, locationContextEnabled=true, browserName=firefox, takesScreenshot=true, javascriptEnabled=true, cssSelectorsEnabled=true}]
Session ID: 2a223d51-90f4-4240-a40c-1be463a3e56d
	at org.openqa.selenium.remote.ErrorHandler.createThrowable(ErrorHandler.java:206)
	at org.openqa.selenium.remote.ErrorHandler.throwIfResponseFailed(ErrorHandler.java:158)
	at org.openqa.selenium.remote.RemoteWebDriver.execute(RemoteWebDriver.java:647)
	at org.openqa.selenium.remote.RemoteWebElement.execute(RemoteWebElement.java:326)
	at org.openqa.selenium.remote.RemoteWebElement.click(RemoteWebElement.java:84)
	at testngprogrames.orangehrm.logout(orangehrm.java:27)
Caused by: org.openqa.selenium.ElementNotVisibleException: Element is not currently visible and so may not be interacted with
Build info: version: '2.48.2', revision: '41bccdd', time: '2015-10-09 19:59:12'
System info: host: 'hp', ip: '192.168.43.252', os.name: 'Windows 8.1', os.arch: 'amd64', os.version: '6.3', java.version: '1.8.0_101'
Driver info: driver.version: unknown
	at <anonymous class>.fxdriver.preconditions.visible(file:///C:/Users/user/AppData/Local/Temp/anonymous1531541255688900364webdriver-profile/extensions/fxdriver@googlecode.com/components/command-processor.js:9981)
	at <anonymous class>.DelayedCommand.prototype.checkPreconditions_(file:///C:/Users/user/AppData/Local/Temp/anonymous1531541255688900364webdriver-profile/extensions/fxdriver@googlecode.com/components/command-processor.js:12517)
	at <anonymous class>.DelayedCommand.prototype.executeInternal_/h(file:///C:/Users/user/AppData/Local/Temp/anonymous1531541255688900364webdriver-profile/extensions/fxdriver@googlecode.com/components/command-processor.js:12534)
	at <anonymous class>.DelayedCommand.prototype.executeInternal_(file:///C:/Users/user/AppData/Local/Temp/anonymous1531541255688900364webdriver-profile/extensions/fxdriver@googlecode.com/components/command-processor.js:12539)
	at <anonymous class>.DelayedCommand.prototype.execute/<(file:///C:/Users/user/AppData/Local/Temp/anonymous1531541255688900364webdriver-profile/extensions/fxdriver@googlecode.com/components/command-processor.js:12481)
... Removed 28 stack frames]]>
    </failure>
  </testcase> <!-- logout -->
  <testcase name="countcookies" time="0.129" classname="testngprogrames.cookies"/>
</testsuite> <!-- testngdemo -->
