<?xml version="1.0" encoding="UTF-8"?>
<!-- Generated by org.testng.reporters.JUnitXMLReporter -->
<testsuite hostname="hp" ignored="0" name="Test In Google Chrome" tests="1" failures="1" timestamp="12 Mar 2017 17:57:07 GMT" time="0.094" errors="0">
  <testcase name="title" time="0.031" classname="webdriver.crossbrowser">
    <failure type="java.lang.NullPointerException">
      <![CDATA[java.lang.NullPointerException
	at webdriver.crossbrowser.title(crossbrowser.java:16)
	at java.util.concurrent.FutureTask.run(Unknown Source)
	at java.util.concurrent.ThreadPoolExecutor.runWorker(Unknown Source)
	at java.util.concurrent.ThreadPoolExecutor$Worker.run(Unknown Source)
	at java.lang.Thread.run(Unknown Source)
... Removed 16 stack frames]]>
    </failure>
  </testcase> <!-- title -->
</testsuite> <!-- Test In Google Chrome -->
