<?xml version="1.0" encoding="UTF-8"?>
<!-- Generated by org.testng.reporters.JUnitXMLReporter -->
<testsuite hostname="hp" ignored="2" name="Regression1(failed)(failed)" tests="1" failures="1" timestamp="12 Mar 2017 16:54:53 GMT" time="13.998" errors="0">
  <testcase name="chrome" time="13.919" classname="webdriver.jenkins">
    <failure type="java.lang.NullPointerException">
      <![CDATA[java.lang.NullPointerException
	at webdriver.jenkins.chrome(jenkins.java:42)
... Removed 25 stack frames]]>
    </failure>
  </testcase> <!-- chrome -->
  <testcase name="login" time="0.0" classname="webdriver.jenkins">
    <ignored/>
  </testcase> <!-- login -->
  <testcase name="abc" time="0.0" classname="webdriver.jenkins">
    <ignored/>
  </testcase> <!-- abc -->
</testsuite> <!-- Regression1(failed)(failed) -->
